<?xml version="1.0" encoding="UTF-8"?>
<!-- Generated by org.testng.reporters.JUnitReportReporter -->
<testsuite hostname="LLAP651" failures="0" tests="1" name="com.automationpractice.code.demo.DemoTestclass" time="7.642" errors="0" timestamp="2022-09-30T01:29:07 IST" skipped="0">
  <testcase classname="com.automationpractice.code.demo.DemoTestclass" name="SignUpTest" time="7.642"/>
  <system-out/>
</testsuite> <!-- com.automationpractice.code.demo.DemoTestclass -->
