<?xml version="1.0" encoding="UTF-8"?>
<!-- Generated by org.testng.reporters.JUnitReportReporter -->
<testsuite hostname="LLAP651" failures="0" tests="1" name="com.automationpractice.code.flight.DemoTestclass" time="6.455" errors="0" timestamp="2022-09-30T01:27:26 IST" skipped="0">
  <testcase classname="com.automationpractice.code.flight.DemoTestclass" name="SignUpTest" time="6.455"/>
  <system-out/>
</testsuite> <!-- com.automationpractice.code.flight.DemoTestclass -->
